Release 13.3 Map O.76xd (lin)
Xilinx Mapping Report File for Design 'cbmia_top'

Design Information
------------------
Command Line   : map -intstyle ise -p xc3s1500-fg456-4 -cm area -ir off -pr off
-c 100 -o cbmia_top_map.ncd cbmia_top.ngd cbmia_top.pcf 
Target Device  : xc3s1500
Target Package : fg456
Target Speed   : -4
Mapper Version : spartan3 -- $Revision: 1.55 $
Mapped Date    : Mon Apr 16 18:21:25 2012

Design Summary
--------------
Number of errors:      0
Number of warnings:   10
Logic Utilization:
  Number of Slice Flip Flops:         4,073 out of  26,624   15%
  Number of 4 input LUTs:             4,290 out of  26,624   16%
Logic Distribution:
  Number of occupied Slices:          4,721 out of  13,312   35%
    Number of Slices containing only related logic:   4,721 out of   4,721 100%
    Number of Slices containing unrelated logic:          0 out of   4,721   0%
      *See NOTES below for an explanation of the effects of unrelated logic.
  Total Number of 4 input LUTs:       4,692 out of  26,624   17%
    Number used as logic:             4,289
    Number used as a route-thru:        402
    Number used as Shift registers:       1

  The Slice Logic Distribution report is not meaningful if the design is
  over-mapped for a non-slice resource or if Placement fails.

  Number of bonded IOBs:                169 out of     333   50%
  Number of BUFGMUXs:                     1 out of       8   12%

Average Fanout of Non-Clock Nets:                3.49

Peak Memory Usage:  199 MB
Total REAL time to MAP completion:  19 secs 
Total CPU time to MAP completion:   9 secs 

NOTES:

   Related logic is defined as being logic that shares connectivity - e.g. two
   LUTs are "related" if they share common inputs.  When assembling slices,
   Map gives priority to combine logic that is related.  Doing so results in
   the best timing performance.

   Unrelated logic shares no connectivity.  Map will only begin packing
   unrelated logic into a slice once 99% of the slices are occupied through
   related logic packing.

   Note that once logic distribution reaches the 99% level through related
   logic packing, this does not mean the device is completely utilized.
   Unrelated logic packing will then begin, continuing until all usable LUTs
   and FFs are occupied.  Depending on your timing budget, increased levels of
   unrelated logic packing may adversely affect the overall timing performance
   of your design.

Table of Contents
-----------------
Section 1 - Errors
Section 2 - Warnings
Section 3 - Informational
Section 4 - Removed Logic Summary
Section 5 - Removed Logic
Section 6 - IOB Properties
Section 7 - RPMs
Section 8 - Guide Report
Section 9 - Area Group and Partition Summary
Section 10 - Timing Report
Section 11 - Configuration String Information
Section 12 - Control Set Information
Section 13 - Utilization by Hierarchy

Section 1 - Errors
------------------

Section 2 - Warnings
--------------------
WARNING:Security:42 - Your license support version '2012.04' for ISE expires in
13 days after which you will not qualify for Xilinx software updates or new
releases.
WARNING:Pack:266 - The function generator
   cmp_mil1553_core/cmp_mil1553_tx/cmp_mil1553_tx_clk/Mcount_clk_div_cnt_xor<4>1
   11 failed to merge with F5 multiplexer
   cmp_mil1553_core/cmp_mil1553_tx/cmp_mil1553_tx_clk/Mcount_clk_div_cnt_xor<4>1
   2_f5.  There is a conflict for the FXMUX.  The design will exhibit suboptimal
   timing.
WARNING:Pack:266 - The function generator
   cmp_mil1553_core/cmp_mem_interface/UROMMUXL/Sel_26_mux0000131 failed to merge
   with F5 multiplexer
   cmp_mil1553_core/cmp_mem_interface/UROMMUXL/DataOut<0>140_SW1.  There is a
   conflict for the FXMUX.  The design will exhibit suboptimal timing.
WARNING:Pack:266 - The function generator
   cmp_mil1553_core/cmp_mem_interface/UROMMUXH/DataOut<14>241 failed to merge
   with F5 multiplexer
   cmp_mil1553_core/cmp_mem_interface/UROMMUXH/DataOut<1>156_SW1.  There is a
   conflict for the FXMUX.  The design will exhibit suboptimal timing.
WARNING:Pack:266 - The function generator
   cmp_mil1553_core/cmp_mem_interface/UROMMUXH/DataOut<3>227_SW1 failed to merge
   with F5 multiplexer
   cmp_mil1553_core/cmp_mem_interface/UROMMUXH/DataOut<3>194_SW0.  There is a
   conflict for the FXMUX.  The design will exhibit suboptimal timing.
WARNING:Pack:266 - The function generator
   cmp_mil1553_core/cmp_mem_interface/UROMMUXH/DataOut<20>208_SW1 failed to
   merge with F5 multiplexer
   cmp_mil1553_core/cmp_mem_interface/UROMMUXH/DataOut<20>175_SW0.  There is a
   conflict for the FXMUX.  The design will exhibit suboptimal timing.
WARNING:Pack:266 - The function generator
   cmp_mil1553_core/cmp_mem_interface/UROMMUXH/DataOut<4>227_SW1 failed to merge
   with F5 multiplexer
   cmp_mil1553_core/cmp_mem_interface/UROMMUXH/DataOut<4>194_SW0.  There is a
   conflict for the FXMUX.  The design will exhibit suboptimal timing.
WARNING:Pack:266 - The function generator
   cmp_mil1553_core/cmp_mem_interface/UROMMUXH/DataOut<22>209_SW1 failed to
   merge with F5 multiplexer
   cmp_mil1553_core/cmp_mem_interface/UROMMUXH/DataOut<22>176_SW0.  There is a
   conflict for the FXMUX.  The design will exhibit suboptimal timing.
WARNING:Pack:266 - The function generator
   cmp_mil1553_core/cmp_mem_interface/UROMMUXH/DataOut<6>227_SW1 failed to merge
   with F5 multiplexer
   cmp_mil1553_core/cmp_mem_interface/UROMMUXH/DataOut<6>194_SW0.  There is a
   conflict for the FXMUX.  The design will exhibit suboptimal timing.
WARNING:Pack:266 - The function generator
   cmp_mil1553_core/cmp_mem_interface/UROMMUXH/DataOut<24>209_SW1 failed to
   merge with F5 multiplexer
   cmp_mil1553_core/cmp_mem_interface/UROMMUXH/DataOut<24>176_SW0.  There is a
   conflict for the FXMUX.  The design will exhibit suboptimal timing.
WARNING:Pack:266 - The function generator
   cmp_mil1553_core/cmp_mem_interface/UROMMUXH/DataOut<14>161 failed to merge
   with F5 multiplexer
   cmp_mil1553_core/cmp_mem_interface/UROMMUXH/DataOut<18>878_SW1.  There is a
   conflict for the FXMUX.  The design will exhibit suboptimal timing.

Section 3 - Informational
-------------------------
INFO:Security:54 - 'xc3s1500' is a WebPack part.
INFO:LIT:243 - Logical network ram_data_b<0>_IBUF has no load.
INFO:LIT:395 - The above info message is repeated 57 more times for the
   following (max. 5 shown):
   ram_data_b<1>_IBUF,
   ram_data_b<2>_IBUF,
   ram_data_b<3>_IBUF,
   ram_data_b<4>_IBUF,
   ram_data_b<10>_IBUF
   To see the details of these info messages, please use the -detail switch.
INFO:MapLib:562 - No environment variables are currently set.
INFO:LIT:244 - All of the single ended outputs in this design are using slew
   rate limited output drivers. The delay on speed critical single ended outputs
   can be dramatically reduced by designating them as fast outputs.

Section 4 - Removed Logic Summary
---------------------------------
   3 block(s) optimized away

Section 5 - Removed Logic
-------------------------

Optimized Block(s):
TYPE 		BLOCK
GND 		XST_GND
VCC 		XST_VCC

To enable printing of redundant blocks removed and signals merged, set the
detailed map report option and rerun map.

Section 6 - IOB Properties
--------------------------

+---------------------------------------------------------------------------------------------------------------------------------------------------------+
| IOB Name                           | Type             | Direction | IO Standard          | Diff  | Drive    | Slew | Reg (s)      | Resistor | IOB      |
|                                    |                  |           |                      | Term  | Strength | Rate |              |          | Delay    |
+---------------------------------------------------------------------------------------------------------------------------------------------------------+
| clk_i                              | IOB              | INPUT     | LVCMOS33             |       |          |      |              |          |          |
| l_address_i<2>                     | IOB              | INPUT     | LVCMOS33             |       |          |      |              |          |          |
| l_address_i<3>                     | IOB              | INPUT     | LVCMOS33             |       |          |      |              |          |          |
| l_address_i<4>                     | IOB              | INPUT     | LVCMOS33             |       |          |      |              |          |          |
| l_address_i<5>                     | IOB              | INPUT     | LVCMOS33             |       |          |      |              |          |          |
| l_address_i<6>                     | IOB              | INPUT     | LVCMOS33             |       |          |      |              |          |          |
| l_address_i<7>                     | IOB              | INPUT     | LVCMOS33             |       |          |      |              |          |          |
| l_address_i<8>                     | IOB              | INPUT     | LVCMOS33             |       |          |      |              |          |          |
| l_address_i<9>                     | IOB              | INPUT     | LVCMOS33             |       |          |      |              |          |          |
| l_address_i<10>                    | IOB              | INPUT     | LVCMOS33             |       |          |      |              |          |          |
| l_address_i<11>                    | IOB              | INPUT     | LVCMOS33             |       |          |      |              |          |          |
| l_address_i<12>                    | IOB              | INPUT     | LVCMOS33             |       |          |      |              |          |          |
| l_address_i<13>                    | IOB              | INPUT     | LVCMOS33             |       |          |      |              |          |          |
| l_address_i<14>                    | IOB              | INPUT     | LVCMOS33             |       |          |      |              |          |          |
| l_address_i<15>                    | IOB              | INPUT     | LVCMOS33             |       |          |      |              |          |          |
| l_address_i<16>                    | IOB              | INPUT     | LVCMOS33             |       |          |      |              |          |          |
| l_address_i<17>                    | IOB              | INPUT     | LVCMOS33             |       |          |      |              |          |          |
| l_address_i<18>                    | IOB              | INPUT     | LVCMOS33             |       |          |      |              |          |          |
| l_address_i<19>                    | IOB              | INPUT     | LVCMOS33             |       |          |      |              |          |          |
| l_address_i<20>                    | IOB              | INPUT     | LVCMOS33             |       |          |      |              |          |          |
| l_address_i<21>                    | IOB              | INPUT     | LVCMOS33             |       |          |      |              |          |          |
| l_address_i<22>                    | IOB              | INPUT     | LVCMOS33             |       |          |      |              |          |          |
| l_address_i<23>                    | IOB              | INPUT     | LVCMOS33             |       |          |      |              |          |          |
| l_ads_n_i                          | IOB              | INPUT     | LVCMOS33             |       |          |      |              |          |          |
| l_ale_i                            | IOB              | INPUT     | LVCMOS33             |       |          |      |              |          |          |
| l_be_i<0>                          | IOB              | INPUT     | LVCMOS33             |       |          |      |              |          |          |
| l_be_i<1>                          | IOB              | INPUT     | LVCMOS33             |       |          |      |              |          |          |
| l_be_i<2>                          | IOB              | INPUT     | LVCMOS33             |       |          |      |              |          |          |
| l_be_i<3>                          | IOB              | INPUT     | LVCMOS33             |       |          |      |              |          |          |
| l_blast_n_i                        | IOB              | INPUT     | LVCMOS33             |       |          |      |              |          |          |
| l_btrem_n_o                        | IOB              | OUTPUT    | LVCMOS33             |       | 12       | SLOW |              |          |          |
| l_cs_n_i<0>                        | IOB              | INPUT     | LVCMOS33             |       |          |      |              |          |          |
| l_cs_n_i<1>                        | IOB              | INPUT     | LVCMOS33             |       |          |      |              |          |          |
| l_data_b<0>                        | IOB              | BIDIR     | LVCMOS33             |       | 12       | SLOW |              |          |          |
| l_data_b<1>                        | IOB              | BIDIR     | LVCMOS33             |       | 12       | SLOW |              |          |          |
| l_data_b<2>                        | IOB              | BIDIR     | LVCMOS33             |       | 12       | SLOW |              |          |          |
| l_data_b<3>                        | IOB              | BIDIR     | LVCMOS33             |       | 12       | SLOW |              |          |          |
| l_data_b<4>                        | IOB              | BIDIR     | LVCMOS33             |       | 12       | SLOW |              |          |          |
| l_data_b<5>                        | IOB              | BIDIR     | LVCMOS33             |       | 12       | SLOW |              |          |          |
| l_data_b<6>                        | IOB              | BIDIR     | LVCMOS33             |       | 12       | SLOW |              |          |          |
| l_data_b<7>                        | IOB              | BIDIR     | LVCMOS33             |       | 12       | SLOW |              |          |          |
| l_data_b<8>                        | IOB              | BIDIR     | LVCMOS33             |       | 12       | SLOW |              |          |          |
| l_data_b<9>                        | IOB              | BIDIR     | LVCMOS33             |       | 12       | SLOW |              |          |          |
| l_data_b<10>                       | IOB              | BIDIR     | LVCMOS33             |       | 12       | SLOW |              |          |          |
| l_data_b<11>                       | IOB              | BIDIR     | LVCMOS33             |       | 12       | SLOW |              |          |          |
| l_data_b<12>                       | IOB              | BIDIR     | LVCMOS33             |       | 12       | SLOW |              |          |          |
| l_data_b<13>                       | IOB              | BIDIR     | LVCMOS33             |       | 12       | SLOW |              |          |          |
| l_data_b<14>                       | IOB              | BIDIR     | LVCMOS33             |       | 12       | SLOW |              |          |          |
| l_data_b<15>                       | IOB              | BIDIR     | LVCMOS33             |       | 12       | SLOW |              |          |          |
| l_data_b<16>                       | IOB              | BIDIR     | LVCMOS33             |       | 12       | SLOW |              |          |          |
| l_data_b<17>                       | IOB              | BIDIR     | LVCMOS33             |       | 12       | SLOW |              |          |          |
| l_data_b<18>                       | IOB              | BIDIR     | LVCMOS33             |       | 12       | SLOW |              |          |          |
| l_data_b<19>                       | IOB              | BIDIR     | LVCMOS33             |       | 12       | SLOW |              |          |          |
| l_data_b<20>                       | IOB              | BIDIR     | LVCMOS33             |       | 12       | SLOW |              |          |          |
| l_data_b<21>                       | IOB              | BIDIR     | LVCMOS33             |       | 12       | SLOW |              |          |          |
| l_data_b<22>                       | IOB              | BIDIR     | LVCMOS33             |       | 12       | SLOW |              |          |          |
| l_data_b<23>                       | IOB              | BIDIR     | LVCMOS33             |       | 12       | SLOW |              |          |          |
| l_data_b<24>                       | IOB              | BIDIR     | LVCMOS33             |       | 12       | SLOW |              |          |          |
| l_data_b<25>                       | IOB              | BIDIR     | LVCMOS33             |       | 12       | SLOW |              |          |          |
| l_data_b<26>                       | IOB              | BIDIR     | LVCMOS33             |       | 12       | SLOW |              |          |          |
| l_data_b<27>                       | IOB              | BIDIR     | LVCMOS33             |       | 12       | SLOW |              |          |          |
| l_data_b<28>                       | IOB              | BIDIR     | LVCMOS33             |       | 12       | SLOW |              |          |          |
| l_data_b<29>                       | IOB              | BIDIR     | LVCMOS33             |       | 12       | SLOW |              |          |          |
| l_data_b<30>                       | IOB              | BIDIR     | LVCMOS33             |       | 12       | SLOW |              |          |          |
| l_data_b<31>                       | IOB              | BIDIR     | LVCMOS33             |       | 12       | SLOW |              |          |          |
| l_gpio_b<4>                        | IOB              | INPUT     | LVCMOS33             |       |          |      |              |          |          |
| l_gpio_b<5>                        | IOB              | INPUT     | LVCMOS33             |       |          |      |              |          |          |
| l_gpio_b<6>                        | IOB              | INPUT     | LVCMOS33             |       |          |      |              |          |          |
| l_gpio_b<7>                        | IOB              | INPUT     | LVCMOS33             |       |          |      |              |          |          |
| l_gpio_b<8>                        | IOB              | INPUT     | LVCMOS33             |       |          |      |              |          |          |
| l_int1_o                           | IOB              | OUTPUT    | LVCMOS33             |       | 12       | SLOW |              |          |          |
| l_int2_o                           | IOB              | OUTPUT    | LVCMOS33             |       | 12       | SLOW |              |          |          |
| l_rd_n_i                           | IOB              | INPUT     | LVCMOS33             |       |          |      |              |          |          |
| l_ready_n_o                        | IOB              | OUTPUT    | LVCMOS33             |       | 12       | SLOW |              |          |          |
| l_reset_n_i                        | IOB              | INPUT     | LVCMOS33             |       |          |      |              |          |          |
| l_wr_n_i                           | IOB              | INPUT     | LVCMOS33             |       |          |      |              |          |          |
| l_wr_rd_n_i                        | IOB              | INPUT     | LVCMOS33             |       |          |      |              |          |          |
| led_o<0>                           | IOB              | OUTPUT    | LVCMOS33             |       | 12       | SLOW |              |          |          |
| led_o<1>                           | IOB              | OUTPUT    | LVCMOS33             |       | 12       | SLOW |              |          |          |
| led_o<2>                           | IOB              | OUTPUT    | LVCMOS33             |       | 12       | SLOW |              |          |          |
| led_o<3>                           | IOB              | OUTPUT    | LVCMOS33             |       | 12       | SLOW |              |          |          |
| led_o<4>                           | IOB              | OUTPUT    | LVCMOS33             |       | 12       | SLOW |              |          |          |
| led_o<5>                           | IOB              | OUTPUT    | LVCMOS33             |       | 12       | SLOW |              |          |          |
| led_o<6>                           | IOB              | OUTPUT    | LVCMOS33             |       | 12       | SLOW |              |          |          |
| led_o<7>                           | IOB              | OUTPUT    | LVCMOS33             |       | 12       | SLOW |              |          |          |
| mil1553_md_fault_i                 | IOB              | INPUT     | LVCMOS33             |       |          |      |              |          |          |
| mil1553_rxd_a_i                    | IOB              | INPUT     | LVCMOS33             |       |          |      |              |          |          |
| mil1553_tx_n_o                     | IOB              | OUTPUT    | LVCMOS33             |       | 12       | SLOW |              |          |          |
| mil1553_tx_rx_n_o                  | IOB              | OUTPUT    | LVCMOS33             |       | 12       | SLOW |              |          |          |
| mil1553_txd_n_o                    | IOB              | OUTPUT    | LVCMOS33             |       | 12       | SLOW |              |          |          |
| mil1553_txd_o                      | IOB              | OUTPUT    | LVCMOS33             |       | 12       | SLOW |              |          |          |
| onewire_b                          | IOB              | BIDIR     | LVCMOS33             |       | 12       | SLOW |              | PULLUP   |          |
| pwr_reset_n_i                      | IOB              | INPUT     | LVCMOS33             |       |          |      |              |          |          |
| ram_address_o<0>                   | IOB              | OUTPUT    | LVCMOS33             |       | 12       | SLOW |              |          |          |
| ram_address_o<1>                   | IOB              | OUTPUT    | LVCMOS33             |       | 12       | SLOW |              |          |          |
| ram_address_o<2>                   | IOB              | OUTPUT    | LVCMOS33             |       | 12       | SLOW |              |          |          |
| ram_address_o<3>                   | IOB              | OUTPUT    | LVCMOS33             |       | 12       | SLOW |              |          |          |
| ram_address_o<4>                   | IOB              | OUTPUT    | LVCMOS33             |       | 12       | SLOW |              |          |          |
| ram_address_o<5>                   | IOB              | OUTPUT    | LVCMOS33             |       | 12       | SLOW |              |          |          |
| ram_address_o<6>                   | IOB              | OUTPUT    | LVCMOS33             |       | 12       | SLOW |              |          |          |
| ram_address_o<7>                   | IOB              | OUTPUT    | LVCMOS33             |       | 12       | SLOW |              |          |          |
| ram_address_o<8>                   | IOB              | OUTPUT    | LVCMOS33             |       | 12       | SLOW |              |          |          |
| ram_address_o<9>                   | IOB              | OUTPUT    | LVCMOS33             |       | 12       | SLOW |              |          |          |
| ram_address_o<10>                  | IOB              | OUTPUT    | LVCMOS33             |       | 12       | SLOW |              |          |          |
| ram_address_o<11>                  | IOB              | OUTPUT    | LVCMOS33             |       | 12       | SLOW |              |          |          |
| ram_address_o<12>                  | IOB              | OUTPUT    | LVCMOS33             |       | 12       | SLOW |              |          |          |
| ram_address_o<13>                  | IOB              | OUTPUT    | LVCMOS33             |       | 12       | SLOW |              |          |          |
| ram_address_o<14>                  | IOB              | OUTPUT    | LVCMOS33             |       | 12       | SLOW |              |          |          |
| ram_address_o<15>                  | IOB              | OUTPUT    | LVCMOS33             |       | 12       | SLOW |              |          |          |
| ram_address_o<16>                  | IOB              | OUTPUT    | LVCMOS33             |       | 12       | SLOW |              |          |          |
| ram_address_o<17>                  | IOB              | OUTPUT    | LVCMOS33             |       | 12       | SLOW |              |          |          |
| ram_adsc_n_o                       | IOB              | OUTPUT    | LVCMOS33             |       | 12       | SLOW |              |          |          |
| ram_adsp_n_o                       | IOB              | OUTPUT    | LVCMOS33             |       | 12       | SLOW |              |          |          |
| ram_adv_n_o                        | IOB              | OUTPUT    | LVCMOS33             |       | 12       | SLOW |              |          |          |
| ram_bw_n_o<1>                      | IOB              | OUTPUT    | LVCMOS33             |       | 12       | SLOW |              |          |          |
| ram_bw_n_o<2>                      | IOB              | OUTPUT    | LVCMOS33             |       | 12       | SLOW |              |          |          |
| ram_bw_n_o<3>                      | IOB              | OUTPUT    | LVCMOS33             |       | 12       | SLOW |              |          |          |
| ram_bw_n_o<4>                      | IOB              | OUTPUT    | LVCMOS33             |       | 12       | SLOW |              |          |          |
| ram_bwe_n_o                        | IOB              | OUTPUT    | LVCMOS33             |       | 12       | SLOW |              |          |          |
| ram_ce_n_o                         | IOB              | OUTPUT    | LVCMOS33             |       | 12       | SLOW |              |          |          |
| ram_clk_o                          | IOB              | OUTPUT    | LVCMOS33             |       | 12       | SLOW |              |          |          |
| ram_cs0_o                          | IOB              | OUTPUT    | LVCMOS33             |       | 12       | SLOW |              |          |          |
| ram_cs1_n_o                        | IOB              | OUTPUT    | LVCMOS33             |       | 12       | SLOW |              |          |          |
| ram_data_b<0>                      | IOB              | INPUT     | LVCMOS33             |       |          |      |              |          |          |
| ram_data_b<1>                      | IOB              | INPUT     | LVCMOS33             |       |          |      |              |          |          |
| ram_data_b<2>                      | IOB              | INPUT     | LVCMOS33             |       |          |      |              |          |          |
| ram_data_b<3>                      | IOB              | INPUT     | LVCMOS33             |       |          |      |              |          |          |
| ram_data_b<4>                      | IOB              | INPUT     | LVCMOS33             |       |          |      |              |          |          |
| ram_data_b<5>                      | IOB              | INPUT     | LVCMOS33             |       |          |      |              |          |          |
| ram_data_b<6>                      | IOB              | INPUT     | LVCMOS33             |       |          |      |              |          |          |
| ram_data_b<7>                      | IOB              | INPUT     | LVCMOS33             |       |          |      |              |          |          |
| ram_data_b<8>                      | IOB              | INPUT     | LVCMOS33             |       |          |      |              |          |          |
| ram_data_b<9>                      | IOB              | INPUT     | LVCMOS33             |       |          |      |              |          |          |
| ram_data_b<10>                     | IOB              | INPUT     | LVCMOS33             |       |          |      |              |          |          |
| ram_data_b<11>                     | IOB              | INPUT     | LVCMOS33             |       |          |      |              |          |          |
| ram_data_b<12>                     | IOB              | INPUT     | LVCMOS33             |       |          |      |              |          |          |
| ram_data_b<13>                     | IOB              | INPUT     | LVCMOS33             |       |          |      |              |          |          |
| ram_data_b<14>                     | IOB              | INPUT     | LVCMOS33             |       |          |      |              |          |          |
| ram_data_b<15>                     | IOB              | INPUT     | LVCMOS33             |       |          |      |              |          |          |
| ram_data_b<16>                     | IOB              | INPUT     | LVCMOS33             |       |          |      |              |          |          |
| ram_data_b<17>                     | IOB              | INPUT     | LVCMOS33             |       |          |      |              |          |          |
| ram_data_b<18>                     | IOB              | INPUT     | LVCMOS33             |       |          |      |              |          |          |
| ram_data_b<19>                     | IOB              | INPUT     | LVCMOS33             |       |          |      |              |          |          |
| ram_data_b<20>                     | IOB              | INPUT     | LVCMOS33             |       |          |      |              |          |          |
| ram_data_b<21>                     | IOB              | INPUT     | LVCMOS33             |       |          |      |              |          |          |
| ram_data_b<22>                     | IOB              | INPUT     | LVCMOS33             |       |          |      |              |          |          |
| ram_data_b<23>                     | IOB              | INPUT     | LVCMOS33             |       |          |      |              |          |          |
| ram_data_b<24>                     | IOB              | INPUT     | LVCMOS33             |       |          |      |              |          |          |
| ram_data_b<25>                     | IOB              | INPUT     | LVCMOS33             |       |          |      |              |          |          |
| ram_data_b<26>                     | IOB              | INPUT     | LVCMOS33             |       |          |      |              |          |          |
| ram_data_b<27>                     | IOB              | INPUT     | LVCMOS33             |       |          |      |              |          |          |
| ram_data_b<28>                     | IOB              | INPUT     | LVCMOS33             |       |          |      |              |          |          |
| ram_data_b<29>                     | IOB              | INPUT     | LVCMOS33             |       |          |      |              |          |          |
| ram_data_b<30>                     | IOB              | INPUT     | LVCMOS33             |       |          |      |              |          |          |
| ram_data_b<31>                     | IOB              | INPUT     | LVCMOS33             |       |          |      |              |          |          |
| ram_gw_n_o                         | IOB              | OUTPUT    | LVCMOS33             |       | 12       | SLOW |              |          |          |
| ram_lbo_n_o                        | IOB              | OUTPUT    | LVCMOS33             |       | 12       | SLOW |              |          |          |
| ram_oe_n_o                         | IOB              | OUTPUT    | LVCMOS33             |       | 12       | SLOW |              |          |          |
| ram_par_o<1>                       | IOB              | OUTPUT    | LVCMOS33             |       | 12       | SLOW |              |          |          |
| ram_par_o<2>                       | IOB              | OUTPUT    | LVCMOS33             |       | 12       | SLOW |              |          |          |
| ram_par_o<3>                       | IOB              | OUTPUT    | LVCMOS33             |       | 12       | SLOW |              |          |          |
| ram_par_o<4>                       | IOB              | OUTPUT    | LVCMOS33             |       | 12       | SLOW |              |          |          |
| ram_zz_o                           | IOB              | OUTPUT    | LVCMOS33             |       | 12       | SLOW |              |          |          |
| rs232_i                            | IOB              | INPUT     | LVCMOS33             |       |          |      |              |          |          |
| rs232_o                            | IOB              | OUTPUT    | LVCMOS33             |       | 12       | SLOW |              |          |          |
| test_point_o<0>                    | IOB              | OUTPUT    | LVCMOS33             |       | 12       | SLOW |              |          |          |
| test_point_o<1>                    | IOB              | OUTPUT    | LVCMOS33             |       | 12       | SLOW |              |          |          |
| test_point_o<2>                    | IOB              | OUTPUT    | LVCMOS33             |       | 12       | SLOW |              |          |          |
| test_point_o<3>                    | IOB              | OUTPUT    | LVCMOS33             |       | 12       | SLOW |              |          |          |
+---------------------------------------------------------------------------------------------------------------------------------------------------------+

Section 7 - RPMs
----------------

Section 8 - Guide Report
------------------------
Guide not run on this design.

Section 9 - Area Group and Partition Summary
--------------------------------------------

Partition Implementation Status
-------------------------------

  No Partitions were found in this design.

-------------------------------

Area Group Information
----------------------

  No area groups were found in this design.

----------------------

Section 10 - Timing Report
--------------------------
This design was not run using timing mode.

Section 11 - Configuration String Details
-----------------------------------------
Use the "-detail" map option to print out Configuration Strings

Section 12 - Control Set Information
------------------------------------
No control set information for this architecture.

Section 13 - Utilization by Hierarchy
-------------------------------------
Use the "-detail" map option to print out the Utilization by Hierarchy section.
